This is pdfTeX, Version 3.141592653-2.6-1.40.26 (MiKTeX 24.4) (preloaded format=pdflatex 2024.12.18)  22 DEC 2024 20:42
entering extended mode
 restricted \write18 enabled.
 file:line:error style messages enabled.
 %&-line parsing enabled.
**/home/wenerd/Documents/labs_for_Kirill/Informatic_lab6/main.tex
(/home/wenerd/Documents/labs_for_Kirill/Informatic_lab6/main.tex
LaTeX2e <2024-11-01> patch level 1
L3 programming layer <2024-11-02>
(/home/wenerd/.miktex/texmfs/install/tex/latex/base/article.cls
Document Class: article 2024/06/29 v1.4n Standard LaTeX document class
(/home/wenerd/.miktex/texmfs/install/tex/latex/base/size10.clo
File: size10.clo 2024/06/29 v1.4n Standard LaTeX file (size option)
)
\c@part=\count196
\c@section=\count197
\c@subsection=\count198
\c@subsubsection=\count199
\c@paragraph=\count266
\c@subparagraph=\count267
\c@figure=\count268
\c@table=\count269
\abovecaptionskip=\skip49
\belowcaptionskip=\skip50
\bibindent=\dimen141
) (/home/wenerd/.miktex/texmfs/install/tex/latex/pdfpages/pdfpages.sty
Package: pdfpages 2024/10/28 v0.6c Insert pages of external PDF documents (AM)
 (/home/wenerd/.miktex/texmfs/install/tex/latex/base/ifthen.sty
Package: ifthen 2024/03/16 v1.1e Standard LaTeX ifthen package (DPC)
) (/home/wenerd/.miktex/texmfs/install/tex/latex/tools/calc.sty
Package: calc 2023/07/08 v4.3 Infix arithmetic (KKT,FJ)
\calc@Acount=\count270
\calc@Bcount=\count271
\calc@Adimen=\dimen142
\calc@Bdimen=\dimen143
\calc@Askip=\skip51
\calc@Bskip=\skip52
LaTeX Info: Redefining \setlength on input line 80.
LaTeX Info: Redefining \addtolength on input line 81.
\calc@Ccount=\count272
\calc@Cskip=\skip53
) (/home/wenerd/.miktex/texmfs/install/tex/latex/eso-pic/eso-pic.sty
Package: eso-pic 2023/05/03 v3.0c eso-pic (RN)
\ESO@tempdima=\dimen144
\ESO@tempdimb=\dimen145
 (/home/wenerd/.miktex/texmfs/install/tex/latex/graphics/keyval.sty
Package: keyval 2022/05/29 v1.15 key=value parser (DPC)
\KV@toks@=\toks17
) (/home/wenerd/.miktex/texmfs/install/tex/latex/xcolor/xcolor.sty
Package: xcolor 2024/09/29 v3.02 LaTeX color extensions (UK)
 (/home/wenerd/.miktex/texmfs/install/tex/latex/graphics-cfg/color.cfg
File: color.cfg 2016/01/02 v1.6 sample color configuration
)
Package xcolor Info: Driver file: pdftex.def on input line 274.
 (/home/wenerd/.miktex/texmfs/install/tex/latex/graphics-def/pdftex.def
File: pdftex.def 2024/04/13 v1.2c Graphics/color driver for pdftex
) (/home/wenerd/.miktex/texmfs/install/tex/latex/graphics/mathcolor.ltx)
Package xcolor Info: Model `cmy' substituted by `cmy0' on input line 1349.
Package xcolor Info: Model `hsb' substituted by `rgb' on input line 1353.
Package xcolor Info: Model `RGB' extended on input line 1365.
Package xcolor Info: Model `HTML' substituted by `rgb' on input line 1367.
Package xcolor Info: Model `Hsb' substituted by `hsb' on input line 1368.
Package xcolor Info: Model `tHsb' substituted by `hsb' on input line 1369.
Package xcolor Info: Model `HSB' substituted by `hsb' on input line 1370.
Package xcolor Info: Model `Gray' substituted by `gray' on input line 1371.
Package xcolor Info: Model `wave' substituted by `hsb' on input line 1372.
)) (/home/wenerd/.miktex/texmfs/install/tex/latex/graphics/graphicx.sty
Package: graphicx 2021/09/16 v1.2d Enhanced LaTeX Graphics (DPC,SPQR)
 (/home/wenerd/.miktex/texmfs/install/tex/latex/graphics/graphics.sty
Package: graphics 2024/08/06 v1.4g Standard LaTeX Graphics (DPC,SPQR)
 (/home/wenerd/.miktex/texmfs/install/tex/latex/graphics/trig.sty
Package: trig 2023/12/02 v1.11 sin cos tan (DPC)
) (/home/wenerd/.miktex/texmfs/install/tex/latex/graphics-cfg/graphics.cfg
File: graphics.cfg 2016/06/04 v1.11 sample graphics configuration
)
Package graphics Info: Driver file: pdftex.def on input line 106.
)
\Gin@req@height=\dimen146
\Gin@req@width=\dimen147
)
\AM@pagewidth=\dimen148
\AM@pageheight=\dimen149
\AM@fboxrule=\dimen150
 (/home/wenerd/.miktex/texmfs/install/tex/latex/pdfpages/pppdftex.def
File: pppdftex.def 2024/10/28 v0.6c Pdfpages driver for pdfTeX (AM)
)
\pdfpages@includegraphics@status=\count273
\AM@pagebox=\box52
\AM@global@opts=\toks18
\AM@pagecnt=\count274
\AM@toc@title=\toks19
\AM@lof@heading=\toks20
\c@AM@survey=\count275
\AM@templatesizebox=\box53
) (/home/wenerd/.miktex/texmfs/install/tex/latex/l3backend/l3backend-pdftex.def
File: l3backend-pdftex.def 2024-05-08 L3 backend support: PDF output (pdfTeX)
\l__color_backend_stack_int=\count276
\l__pdf_internal_box=\box54
) (main.aux)
\openout1 = `main.aux'.

LaTeX Font Info:    Checking defaults for OML/cmm/m/it on input line 5.
LaTeX Font Info:    ... okay on input line 5.
LaTeX Font Info:    Checking defaults for OMS/cmsy/m/n on input line 5.
LaTeX Font Info:    ... okay on input line 5.
LaTeX Font Info:    Checking defaults for OT1/cmr/m/n on input line 5.
LaTeX Font Info:    ... okay on input line 5.
LaTeX Font Info:    Checking defaults for T1/cmr/m/n on input line 5.
LaTeX Font Info:    ... okay on input line 5.
LaTeX Font Info:    Checking defaults for TS1/cmr/m/n on input line 5.
LaTeX Font Info:    ... okay on input line 5.
LaTeX Font Info:    Checking defaults for OMX/cmex/m/n on input line 5.
LaTeX Font Info:    ... okay on input line 5.
LaTeX Font Info:    Checking defaults for U/cmr/m/n on input line 5.
LaTeX Font Info:    ... okay on input line 5.
 (/home/wenerd/.miktex/texmfs/install/tex/context/base/mkii/supp-pdf.mkii
[Loading MPS to PDF converter (version 2006.09.02).]
\scratchcounter=\count277
\scratchdimen=\dimen151
\scratchbox=\box55
\nofMPsegments=\count278
\nofMParguments=\count279
\everyMPshowfont=\toks21
\MPscratchCnt=\count280
\MPscratchDim=\dimen152
\MPnumerator=\count281
\makeMPintoPDFobject=\count282
\everyMPtoPDFconversion=\toks22
) (/home/wenerd/.miktex/texmfs/install/tex/latex/epstopdf-pkg/epstopdf-base.sty
Package: epstopdf-base 2020-01-24 v2.11 Base part for package epstopdf
Package epstopdf-base Info: Redefining graphics rule for `.eps' on input line 485.
 (/home/wenerd/.miktex/texmfs/install/tex/latex/00miktex/epstopdf-sys.cfg
File: epstopdf-sys.cfg 2021/03/18 v2.0 Configuration of epstopdf for MiKTeX
)) (/home/wenerd/.miktex/texmfs/install/tex/latex/pdflscape/pdflscape.sty
Package: pdflscape 2022-10-27 v0.13 Display of landscape pages in PDF
 (/home/wenerd/.miktex/texmfs/install/tex/latex/pdflscape/pdflscape-nometadata.sty
Package: pdflscape-nometadata 2022-10-28 v0.13 Display of landscape pages in PDF (HO)
 (/home/wenerd/.miktex/texmfs/install/tex/generic/iftex/iftex.sty
Package: iftex 2024/12/12 v1.0g TeX engine tests
) (/home/wenerd/.miktex/texmfs/install/tex/latex/graphics/lscape.sty
Package: lscape 2020/05/28 v3.02 Landscape Pages (DPC)
)
Package pdflscape Info: Auto-detected driver: pdftex on input line 81.
))
<introdaction.pdf, id=1, 597.50829pt x 845.0471pt>
File: introdaction.pdf Graphic file (type pdf)
<use introdaction.pdf>
Package pdftex.def Info: introdaction.pdf  used on input line 6.
(pdftex.def)             Requested size: 597.50682pt x 845.04504pt.
File: introdaction.pdf Graphic file (type pdf)
<use introdaction.pdf>
Package pdftex.def Info: introdaction.pdf  used on input line 6.
(pdftex.def)             Requested size: 597.50682pt x 845.04504pt.
<introdaction.pdf, id=4, page=1, 597.50829pt x 845.0471pt>
File: introdaction.pdf Graphic file (type pdf)
<use introdaction.pdf, page 1>
Package pdftex.def Info: introdaction.pdf , page1 used on input line 6.
(pdftex.def)             Requested size: 597.50682pt x 845.04504pt.
File: introdaction.pdf Graphic file (type pdf)
<use introdaction.pdf, page 1>
Package pdftex.def Info: introdaction.pdf , page1 used on input line 6.
(pdftex.def)             Requested size: 597.53416pt x 845.08372pt.
File: introdaction.pdf Graphic file (type pdf)
<use introdaction.pdf, page 1>
Package pdftex.def Info: introdaction.pdf , page1 used on input line 6.
(pdftex.def)             Requested size: 597.53416pt x 845.08372pt.
File: introdaction.pdf Graphic file (type pdf)
<use introdaction.pdf, page 1>
Package pdftex.def Info: introdaction.pdf , page1 used on input line 6.
(pdftex.def)             Requested size: 597.53416pt x 845.08372pt.


File: introdaction.pdf Graphic file (type pdf)
<use introdaction.pdf, page 1>
Package pdftex.def Info: introdaction.pdf , page1 used on input line 6.
(pdftex.def)             Requested size: 597.53416pt x 845.08372pt.
[1


 <./introdaction.pdf>]
<article.pdf, id=68, 597.50829pt x 845.0471pt>
File: article.pdf Graphic file (type pdf)
<use article.pdf>
Package pdftex.def Info: article.pdf  used on input line 7.
(pdftex.def)             Requested size: 597.50682pt x 845.04504pt.
File: article.pdf Graphic file (type pdf)
<use article.pdf>
Package pdftex.def Info: article.pdf  used on input line 7.
(pdftex.def)             Requested size: 597.50682pt x 845.04504pt.
<article.pdf, id=71, page=1, 597.50829pt x 845.0471pt>
File: article.pdf Graphic file (type pdf)
<use article.pdf, page 1>
Package pdftex.def Info: article.pdf , page1 used on input line 7.
(pdftex.def)             Requested size: 597.50682pt x 845.04504pt.
File: article.pdf Graphic file (type pdf)
<use article.pdf, page 1>
Package pdftex.def Info: article.pdf , page1 used on input line 7.
(pdftex.def)             Requested size: 597.53416pt x 845.08372pt.
File: article.pdf Graphic file (type pdf)
<use article.pdf, page 1>
Package pdftex.def Info: article.pdf , page1 used on input line 7.
(pdftex.def)             Requested size: 597.53416pt x 845.08372pt.
File: article.pdf Graphic file (type pdf)
<use article.pdf, page 1>
Package pdftex.def Info: article.pdf , page1 used on input line 7.
(pdftex.def)             Requested size: 597.53416pt x 845.08372pt.


File: article.pdf Graphic file (type pdf)
<use article.pdf, page 1>
Package pdftex.def Info: article.pdf , page1 used on input line 7.
(pdftex.def)             Requested size: 597.53416pt x 845.08372pt.
[2

 <./article.pdf{/home/wenerd/.miktex/texmfs/data/fonts/map/pdftex/pdftex.map}>]
<article.pdf, id=228, page=2, 597.50829pt x 845.0471pt>
File: article.pdf Graphic file (type pdf)
<use article.pdf, page 2>
Package pdftex.def Info: article.pdf , page2 used on input line 7.
(pdftex.def)             Requested size: 597.53416pt x 845.08372pt.
File: article.pdf Graphic file (type pdf)
<use article.pdf, page 2>
Package pdftex.def Info: article.pdf , page2 used on input line 7.
(pdftex.def)             Requested size: 597.53416pt x 845.08372pt.


File: article.pdf Graphic file (type pdf)
<use article.pdf, page 2>
Package pdftex.def Info: article.pdf , page2 used on input line 7.
(pdftex.def)             Requested size: 597.53416pt x 845.08372pt.
[3

 <./article.pdf>] (main.aux)
 ***********
LaTeX2e <2024-11-01> patch level 1
L3 programming layer <2024-11-02>
 ***********
 ) 
Here is how much of TeX's memory you used:
 2742 strings out of 475585
 44967 string characters out of 5769679
 432881 words of memory out of 5000000
 25614 multiletter control sequences out of 15000+600000
 558069 words of font info for 36 fonts, out of 8000000 for 9000
 0 hyphenation exceptions out of 8191
 72i,17n,79p,276b,426s stack positions out of 10000i,1000n,20000p,200000b,200000s
</home/wenerd/.miktex/texmfs/install/fonts/type1/public/amsfonts/cm/cmex10.pfb></home/wenerd/.miktex/texmfs/install/fonts/type1/public/amsfonts/cm/cmmi12.pfb></home/wenerd/.miktex/texmfs/install/fonts/type1/public/amsfonts/cm/cmmi8.pfb></home/wenerd/.miktex/texmfs/install/fonts/type1/public/amsfonts/cm/cmr12.pfb></home/wenerd/.miktex/texmfs/install/fonts/type1/public/amsfonts/cm/cmr6.pfb></home/wenerd/.miktex/texmfs/install/fonts/type1/public/amsfonts/cm/cmr8.pfb></home/wenerd/.miktex/texmfs/install/fonts/type1/public/amsfonts/cm/cmsy10.pfb></home/wenerd/.miktex/texmfs/install/fonts/type1/public/amsfonts/cm/cmsy8.pfb>
Output written on main.pdf (3 pages, 198508 bytes).
PDF statistics:
 241 PDF objects out of 1000 (max. 8388607)
 0 named destinations out of 1000 (max. 500000)
 46 words of extra memory for PDF output out of 10000 (max. 10000000)

